8b14a3f9641f7810b2d5d936564cdce2,a_risky.jpg,87014,risky content hint: [.Epdlo4FE-ofa.va],2020/07/31/20-10:00:32
a5a1cf4bd39fcb5a7be967e152bb6a17,b_oversized.jpg,0,ok,2020/07/31/20-10:00:35
151bb7197116f2bb65ae21cefff98862,c_checked.jpg,0,ok,2020/07/31/20-10:00:36
84c9ec2f01ea30583b5006542f15bfd8,d_checked.jpg,0,ok,2020/07/31/20-10:00:38
15fc9cb35d3402fc9b046f26041b2a57,e_checked.jpg,0,ok,2020/07/31/20-10:00:38
149324f6e8c0f9cccd320b662d3b1865,f_risky.jpg,87014,risky content hint: [.EpdoDALRa-kd_.sa],2020/07/31/20-10:00:39
a5a1cf4bd39fcb5a7be967e152bb6a17,b_oversized.jpg,0,ok,2020/07/31/20-10:00:42
151bb7197116f2bb65ae21cefff98862,c_checked.jpg,0,ok,2020/07/31/20-10:00:43
84c9ec2f01ea30583b5006542f15bfd8,d_checked.jpg,0,ok,2020/07/31/20-10:00:45
15fc9cb35d3402fc9b046f26041b2a57,e_checked.jpg,0,ok,2020/07/31/20-10:00:46
8b14a3f9641f7810b2d5d936564cdce2,a_risky.jpg,87014,risky content hint: [AEpdRHuhE-mcFn],2020/07/31/20-10:02:17
a5a1cf4bd39fcb5a7be967e152bb6a17,b_oversized.jpg,0,ok,2020/07/31/20-10:02:20
151bb7197116f2bb65ae21cefff98862,c_checked.jpg,0,ok,2020/07/31/20-10:02:21
84c9ec2f01ea30583b5006542f15bfd8,d_checked.jpg,0,ok,2020/07/31/20-10:02:23
15fc9cb35d3402fc9b046f26041b2a57,e_checked.jpg,0,ok,2020/07/31/20-10:02:24
149324f6e8c0f9cccd320b662d3b1865,f_risky.jpg,87014,risky content hint: [AEpddiylRa-9EVk3],2020/07/31/20-10:02:25
a5a1cf4bd39fcb5a7be967e152bb6a17,b_oversized.jpg,0,ok,2020/07/31/20-10:02:27
151bb7197116f2bb65ae21cefff98862,c_checked.jpg,0,ok,2020/07/31/20-10:02:28
84c9ec2f01ea30583b5006542f15bfd8,d_checked.jpg,0,ok,2020/07/31/20-10:02:30
15fc9cb35d3402fc9b046f26041b2a57,e_checked.jpg,0,ok,2020/07/31/20-10:02:31
None,f_risky.jpg,None,None,2020/07/31/20-10:02:31
8b14a3f9641f7810b2d5d936564cdce2,a_risky.jpg,87014,risky content hint: [lgbDFHnre-Zk2j_a],2020/08/03/20-13:23:18
8b14a3f9641f7810b2d5d936564cdce2,a_risky.jpg,87014,risky content hint: [LgbDJlnre-ZIpHha],2020/08/03/20-13:24:39
8b14a3f9641f7810b2d5d936564cdce2,a_risky.jpg,87014,risky content hint: [mgbDlDALRa-cRxTGa],2020/08/03/20-13:25:50
8b14a3f9641f7810b2d5d936564cdce2,a_risky.jpg,87014,risky content hint: [MgbDFHnre-3vIFKa],2020/08/03/20-13:26:39
a5a1cf4bd39fcb5a7be967e152bb6a17,b_oversized.jpg,0,ok,2020/08/03/20-13:26:42
151bb7197116f2bb65ae21cefff98862,c_checked.jpg,0,ok,2020/08/03/20-13:26:43
84c9ec2f01ea30583b5006542f15bfd8,d_checked.jpg,0,ok,2020/08/03/20-13:26:45
15fc9cb35d3402fc9b046f26041b2a57,e_checked.jpg,0,ok,2020/08/03/20-13:26:45
149324f6e8c0f9cccd320b662d3b1865,f_risky.jpg,87014,risky content hint: [MgbDqHuhE-Ez1J1a],2020/08/03/20-13:26:46
fef67f76b104eb39c9763e7844f8eafb,a_risky.jpg,0,ok,2020/08/03/20-13:26:46
fef67f76b104eb39c9763e7844f8eafb,f_risky.jpg,0,ok,2020/08/03/20-13:26:47
8b14a3f9641f7810b2d5d936564cdce2,a_risky.jpg,87014,risky content hint: [NgbDVfuhE-.4B8TA],2020/08/03/20-13:28:19
a5a1cf4bd39fcb5a7be967e152bb6a17,b_oversized.jpg,0,ok,2020/08/03/20-13:28:22
151bb7197116f2bb65ae21cefff98862,c_checked.jpg,0,ok,2020/08/03/20-13:28:23
84c9ec2f01ea30583b5006542f15bfd8,d_checked.jpg,0,ok,2020/08/03/20-13:28:24
15fc9cb35d3402fc9b046f26041b2a57,e_checked.jpg,0,ok,2020/08/03/20-13:28:25
149324f6e8c0f9cccd320b662d3b1865,f_risky.jpg,87014,risky content hint: [NgbDdNwgE-f7Sa9a],2020/08/03/20-13:28:26
fef67f76b104eb39c9763e7844f8eafb,a_risky.jpg,0,ok,2020/08/03/20-13:28:26
fef67f76b104eb39c9763e7844f8eafb,f_risky.jpg,0,ok,2020/08/03/20-13:28:26
